<?xml version="1.0" encoding="UTF-8"?>
<!-- Generated by org.testng.reporters.JUnitXMLReporter -->
<testsuite ignored="1" hostname="LAPTOP-9EU788GR" failures="1" tests="2" name="Error Validations Test" time="20.092" errors="0" timestamp="2025-02-10T23:26:36 IST">
  <testcase classname="RQAFramwork.ErrorValidationsTest" name="LoginErrorValidation" time="4.516">
    <skipped/>
  </testcase> <!-- LoginErrorValidation -->
  <testcase classname="RQAFramwork.ErrorValidationsTest" name="LoginErrorValidation" time="0.337">
    <failure type="java.lang.AssertionError" message="expected [Incorrect email or password.] but found [Incorrect emaisl or password.]">
      <![CDATA[java.lang.AssertionError: expected [Incorrect email or password.] but found [Incorrect emaisl or password.]
at RQAFramwork.ErrorValidationsTest.LoginErrorValidation(ErrorValidationsTest.java:19)
at java.base/java.util.ArrayList.forEach(ArrayList.java:1511)
at java.base/java.util.concurrent.FutureTask.run(FutureTask.java:317)
at java.base/java.util.concurrent.ThreadPoolExecutor.runWorker(ThreadPoolExecutor.java:1144)
at java.base/java.util.concurrent.ThreadPoolExecutor$Worker.run(ThreadPoolExecutor.java:642)
at java.base/java.lang.Thread.run(Thread.java:1623)
... Removed 22 stack frames]]>
    </failure>
  </testcase> <!-- LoginErrorValidation -->
  <testcase classname="RQAFramwork.ErrorValidationsTest" name="ProductErrorValidation" time="0.0">
    <ignored/>
  </testcase> <!-- ProductErrorValidation -->
</testsuite> <!-- Error Validations Test -->
