<?xml version="1.0" encoding="UTF-8"?>
<!-- Generated by org.testng.reporters.JUnitXMLReporter -->
<testsuite ignored="0" hostname="ashoksinh" failures="1" tests="4" name="Error Validations Test" time="25.127" errors="0" timestamp="2025-01-27T17:22:13 IST">
  <testcase classname="RQAFramwork.ErrorValidationsTest" name="LoginErrorValidation" time="0.566">
    <skipped/>
  </testcase> <!-- LoginErrorValidation -->
  <testcase classname="RQAFramwork.ErrorValidationsTest" name="LoginErrorValidation" time="0.521">
    <failure type="java.lang.AssertionError" message="expected [Incorrect email or password.] but found [Incorrect emaisl or password.]">
      <![CDATA[java.lang.AssertionError: expected [Incorrect email or password.] but found [Incorrect emaisl or password.]
at RQAFramwork.ErrorValidationsTest.LoginErrorValidation(ErrorValidationsTest.java:19)
at java.base/java.util.ArrayList.forEach(ArrayList.java:1596)
at java.base/java.util.concurrent.FutureTask.run(FutureTask.java:317)
at java.base/java.util.concurrent.ThreadPoolExecutor.runWorker(ThreadPoolExecutor.java:1144)
at java.base/java.util.concurrent.ThreadPoolExecutor$Worker.run(ThreadPoolExecutor.java:642)
at java.base/java.lang.Thread.run(Thread.java:1583)
... Removed 22 stack frames]]>
    </failure>
  </testcase> <!-- LoginErrorValidation -->
  <testcase classname="RQAFramwork.ErrorValidationsTest" name="ProductErrorValidation" time="8.525">
    <skipped/>
  </testcase> <!-- ProductErrorValidation -->
  <testcase classname="RQAFramwork.ErrorValidationsTest" name="ProductErrorValidation" time="3.318"/>
</testsuite> <!-- Error Validations Test -->
